This file contains any messages produced by compilers while
running configure, to aid debugging if configure makes a mistake.

It was created by libpng configure 1.2.39, which was
generated by GNU Autoconf 2.64.  Invocation command line was

  $ ./configure --build=i586-suse-linux --host=sh3-linux --prefix=/usr/sh3-linux --includedir=/usr/sh-linux/include

## --------- ##
## Platform. ##
## --------- ##

hostname = linux
uname -m = i686
uname -r = 2.6.13-15-smp
uname -s = Linux
uname -v = #1 SMP Tue Sep 13 14:56:15 UTC 2005

/usr/bin/uname -p = unknown
/bin/uname -X     = unknown

/bin/arch              = i686
/usr/bin/arch -k       = unknown
/usr/convex/getsysinfo = unknown
/usr/bin/hostinfo      = unknown
/bin/machine           = unknown
/usr/bin/oslevel       = unknown
/bin/universe          = unknown

PATH: /usr/local/bin
PATH: /usr/bin
PATH: /usr/X11R6/bin
PATH: /bin
PATH: /usr/games
PATH: /opt/gnome/bin
PATH: /opt/kde3/bin
PATH: /usr/lib/mit/bin
PATH: /usr/lib/mit/sbin
PATH: /home/jochen/wsp/SC1000/bin
PATH: /home/jochen/wsp/SC1000/MWGui/bin
PATH: /home/jochen/wsp/SC1000/bin
PATH: /home/jochen/wsp/SC1000/MWGui/bin


## ----------- ##
## Core tests. ##
## ----------- ##

configure:2423: checking for a BSD-compatible install
configure:2491: result: /usr/bin/install -c
configure:2502: checking whether build environment is sane
configure:2552: result: yes
configure:2601: checking for sh3-linux-strip
configure:2617: found /usr/bin/sh3-linux-strip
configure:2628: result: sh3-linux-strip
configure:2693: checking for a thread-safe mkdir -p
configure:2732: result: /bin/mkdir -p
configure:2745: checking for gawk
configure:2761: found /usr/bin/gawk
configure:2772: result: gawk
configure:2783: checking whether make sets $(MAKE)
configure:2805: result: yes
configure:2886: checking whether to enable maintainer-specific portions of Makefiles
configure:2895: result: no
configure:2928: checking for sh3-linux-gcc
configure:2955: result: sh3-linux-gcc
configure:3224: checking for C compiler version
configure:3233: sh3-linux-gcc --version >&5
sh-linux-gcc41 (GCC) 4.1.1 20061011 (Red Hat 4.1.1-30)
Copyright (C) 2006 Free Software Foundation, Inc.
This is free software; see the source for copying conditions.  There is NO
warranty; not even for MERCHANTABILITY or FITNESS FOR A PARTICULAR PURPOSE.

configure:3244: $? = 0
configure:3233: sh3-linux-gcc -v >&5
Using built-in specs.
Target: sh-linux
Configured with: ../configure --prefix=/usr --program-prefix=sh-linux- --program-suffix=41 --mandir=/usr/share/man --infodir=/usr/sh-linux/share/info --datadir=/usr/sh-linux/share --target=sh-linux --host=i686-redhat-linux-gnu --build=i686-redhat-linux-gnu --with-system-zlib --with-gxx-include-dir=/usr/sh-linux/include/c++/4.1.1 --includedir=/usr/sh-linux/include --enable-checking --with-system-zlib --disable-libunwind-exceptions --enable-shared --enable-__cxa_atexit --enable-c99 --enable-threads=posix --enable-long-long --enable-multilib --with-multilib-list=m3,m4,m4-nofpu --with-endian=little --with-cpu=sh3 --enable-languages=c,c++,objc,obj-c++,java --disable-libgcj
Thread model: posix
gcc version 4.1.1 20061011 (Red Hat 4.1.1-30)
configure:3244: $? = 0
configure:3233: sh3-linux-gcc -V >&5
sh-linux-gcc41: '-V' must come at the start of the command line
configure:3244: $? = 1
configure:3233: sh3-linux-gcc -qversion >&5
sh-linux-gcc41: unrecognized option '-qversion'
sh-linux-gcc41: no input files
configure:3244: $? = 1
configure:3266: checking for C compiler default output file name
configure:3288: sh3-linux-gcc -Wall -O   conftest.c  >&5
configure:3292: $? = 0
configure:3329: result: a.out
configure:3345: checking whether the C compiler works
configure:3373: result: yes
configure:3380: checking whether we are cross compiling
configure:3382: result: yes
configure:3385: checking for suffix of executables
configure:3392: sh3-linux-gcc -o conftest -Wall -O   conftest.c  >&5
configure:3396: $? = 0
configure:3418: result: 
configure:3424: checking for suffix of object files
configure:3446: sh3-linux-gcc -c -Wall -O  conftest.c >&5
configure:3450: $? = 0
configure:3471: result: o
configure:3475: checking whether we are using the GNU C compiler
configure:3494: sh3-linux-gcc -c -Wall -O  conftest.c >&5
configure:3494: $? = 0
configure:3503: result: yes
configure:3512: checking whether sh3-linux-gcc accepts -g
configure:3532: sh3-linux-gcc -c -g  conftest.c >&5
configure:3532: $? = 0
configure:3573: result: yes
configure:3590: checking for sh3-linux-gcc option to accept ISO C89
configure:3654: sh3-linux-gcc  -c -Wall -O  conftest.c >&5
configure:3654: $? = 0
configure:3667: result: none needed
configure:3698: checking for style of include used by make
configure:3726: result: GNU
configure:3751: checking dependency style of sh3-linux-gcc
configure:3861: result: gcc3
configure:3880: checking build system type
configure:3894: result: i586-suse-linux-gnu
configure:3914: checking host system type
configure:3927: result: sh3-unknown-linux-gnu
configure:3947: checking for a sed that does not truncate output
configure:4011: result: /usr/bin/sed
configure:4029: checking for grep that handles long lines and -e
configure:4087: result: /usr/bin/grep
configure:4092: checking for egrep
configure:4154: result: /usr/bin/grep -E
configure:4159: checking for fgrep
configure:4221: result: /usr/bin/grep -F
configure:4256: checking for ld used by sh3-linux-gcc
configure:4323: result: /usr/sh-linux/bin/ld
configure:4330: checking if the linker (/usr/sh-linux/bin/ld) is GNU ld
configure:4345: result: yes
configure:4362: checking how to run the C preprocessor
configure:4393: sh3-linux-gcc -E  conftest.c
configure:4393: $? = 0
configure:4407: sh3-linux-gcc -E  conftest.c
conftest.c:11:28: error: ac_nonexistent.h: No such file or directory
configure:4407: $? = 1
configure: failed program was:
| /* confdefs.h */
| #define PACKAGE_NAME "libpng"
| #define PACKAGE_TARNAME "libpng"
| #define PACKAGE_VERSION "1.2.39"
| #define PACKAGE_STRING "libpng 1.2.39"
| #define PACKAGE_BUGREPORT "png-mng-implement@lists.sourceforge.net"
| #define PACKAGE_URL ""
| #define PACKAGE "libpng"
| #define VERSION "1.2.39"
| /* end confdefs.h.  */
| #include <ac_nonexistent.h>
configure:4432: result: sh3-linux-gcc -E
configure:4452: sh3-linux-gcc -E  conftest.c
configure:4452: $? = 0
configure:4466: sh3-linux-gcc -E  conftest.c
conftest.c:11:28: error: ac_nonexistent.h: No such file or directory
configure:4466: $? = 1
configure: failed program was:
| /* confdefs.h */
| #define PACKAGE_NAME "libpng"
| #define PACKAGE_TARNAME "libpng"
| #define PACKAGE_VERSION "1.2.39"
| #define PACKAGE_STRING "libpng 1.2.39"
| #define PACKAGE_BUGREPORT "png-mng-implement@lists.sourceforge.net"
| #define PACKAGE_URL ""
| #define PACKAGE "libpng"
| #define VERSION "1.2.39"
| /* end confdefs.h.  */
| #include <ac_nonexistent.h>
configure:4497: checking for sh3-linux-sed
configure:4524: result: /usr/bin/sed
configure:4890: checking whether ln -s works
configure:4894: result: yes
configure:4901: checking whether make sets $(MAKE)
configure:4923: result: yes
configure:4957: checking for BSD- or MS-compatible name lister (nm)
configure:5006: result: /usr/bin/sh3-linux-nm -B
configure:5124: checking the name lister (/usr/bin/sh3-linux-nm -B) interface
configure:5131: sh3-linux-gcc -c -Wall -O  conftest.c >&5
configure:5134: /usr/bin/sh3-linux-nm -B "conftest.o"
configure:5137: output
00000000 B some_variable
configure:5144: result: BSD nm
configure:5148: checking the maximum length of command line arguments
configure:5268: result: 98304
configure:5285: checking whether the shell understands some XSI constructs
configure:5295: result: yes
configure:5299: checking whether the shell understands "+="
configure:5305: result: no
configure:5340: checking for /usr/sh-linux/bin/ld option to reload object files
configure:5347: result: -r
configure:5376: checking for sh3-linux-objdump
configure:5403: result: objdump
configure:5472: checking how to recognize dependent libraries
configure:5668: result: pass_all
configure:5688: checking for sh3-linux-ar
configure:5704: found /usr/bin/sh3-linux-ar
configure:5715: result: sh3-linux-ar
configure:5793: checking for sh3-linux-strip
configure:5820: result: sh3-linux-strip
configure:5892: checking for sh3-linux-ranlib
configure:5908: found /usr/bin/sh3-linux-ranlib
configure:5919: result: sh3-linux-ranlib
configure:6049: checking command to parse /usr/bin/sh3-linux-nm -B output from sh3-linux-gcc object
configure:6167: sh3-linux-gcc -c -Wall -O  conftest.c >&5
configure:6170: $? = 0
configure:6174: /usr/bin/sh3-linux-nm -B conftest.o \| sed -n -e 's/^.*[	 ]\([ABCDGIRSTW][ABCDGIRSTW]*\)[	 ][	 ]*\([_A-Za-z][_A-Za-z0-9]*\)$/\1 \2 \2/p' \> conftest.nm
configure:6177: $? = 0
configure:6231: sh3-linux-gcc -o conftest -Wall -O   conftest.c conftstm.o >&5
configure:6234: $? = 0
configure:6272: result: ok
configure:7077: checking for ANSI C header files
configure:7097: sh3-linux-gcc -c -Wall -O  conftest.c >&5
configure:7097: $? = 0
configure:7181: result: yes
configure:7194: checking for sys/types.h
configure:7194: sh3-linux-gcc -c -Wall -O  conftest.c >&5
configure:7194: $? = 0
configure:7194: result: yes
configure:7194: checking for sys/stat.h
configure:7194: sh3-linux-gcc -c -Wall -O  conftest.c >&5
configure:7194: $? = 0
configure:7194: result: yes
configure:7194: checking for stdlib.h
configure:7194: sh3-linux-gcc -c -Wall -O  conftest.c >&5
configure:7194: $? = 0
configure:7194: result: yes
configure:7194: checking for string.h
configure:7194: sh3-linux-gcc -c -Wall -O  conftest.c >&5
configure:7194: $? = 0
configure:7194: result: yes
configure:7194: checking for memory.h
configure:7194: sh3-linux-gcc -c -Wall -O  conftest.c >&5
configure:7194: $? = 0
configure:7194: result: yes
configure:7194: checking for strings.h
configure:7194: sh3-linux-gcc -c -Wall -O  conftest.c >&5
configure:7194: $? = 0
configure:7194: result: yes
configure:7194: checking for inttypes.h
configure:7194: sh3-linux-gcc -c -Wall -O  conftest.c >&5
configure:7194: $? = 0
configure:7194: result: yes
configure:7194: checking for stdint.h
configure:7194: sh3-linux-gcc -c -Wall -O  conftest.c >&5
configure:7194: $? = 0
configure:7194: result: yes
configure:7194: checking for unistd.h
configure:7194: sh3-linux-gcc -c -Wall -O  conftest.c >&5
configure:7194: $? = 0
configure:7194: result: yes
configure:7209: checking for dlfcn.h
configure:7209: sh3-linux-gcc -c -Wall -O  conftest.c >&5
configure:7209: $? = 0
configure:7209: result: yes
configure:7391: checking for objdir
configure:7406: result: .libs
configure:7698: checking if sh3-linux-gcc supports -fno-rtti -fno-exceptions
configure:7716: sh3-linux-gcc -c -Wall -O  -fno-rtti -fno-exceptions conftest.c >&5
cc1: warning: command line option "-fno-rtti" is valid for C++/ObjC++ but not for C
configure:7720: $? = 0
configure:7733: result: no
configure:7753: checking for sh3-linux-gcc option to produce PIC
configure:8025: result: -fPIC -DPIC
configure:8037: checking if sh3-linux-gcc PIC flag -fPIC -DPIC works
configure:8055: sh3-linux-gcc -c -Wall -O  -fPIC -DPIC -DPIC conftest.c >&5
configure:8059: $? = 0
configure:8072: result: yes
configure:8096: checking if sh3-linux-gcc static flag -static works
configure:8124: result: yes
configure:8139: checking if sh3-linux-gcc supports -c -o file.o
configure:8160: sh3-linux-gcc -c -Wall -O  -o out/conftest2.o conftest.c >&5
configure:8164: $? = 0
configure:8186: result: yes
configure:8194: checking if sh3-linux-gcc supports -c -o file.o
configure:8241: result: yes
configure:8274: checking whether the sh3-linux-gcc linker (/usr/sh-linux/bin/ld) supports shared libraries
configure:9260: result: yes
configure:9297: checking whether -lc should be explicitly linked in
configure:9302: sh3-linux-gcc -c -Wall -O  conftest.c >&5
configure:9305: $? = 0
configure:9320: sh3-linux-gcc -shared conftest.o  -v -Wl,-soname -Wl,conftest -o conftest 2\>\&1 \| /usr/bin/grep  -lc  \>/dev/null 2\>\&1
configure:9323: $? = 0
configure:9335: result: no
configure:9499: checking dynamic linker characteristics
configure:9932: sh3-linux-gcc -o conftest -Wall -O   -Wl,-rpath -Wl,/foo conftest.c  >&5
configure:9932: $? = 0
configure:10150: result: GNU/Linux ld.so
configure:10252: checking how to hardcode library paths into programs
configure:10277: result: immediate
configure:10797: checking whether stripping libraries is possible
configure:10802: result: yes
configure:10837: checking if libtool supports shared libraries
configure:10839: result: yes
configure:10842: checking whether to build shared libraries
configure:10863: result: yes
configure:10866: checking whether to build static libraries
configure:10870: result: yes
configure:10907: checking for ANSI C header files
configure:11011: result: yes
configure:11022: checking malloc.h usability
configure:11022: sh3-linux-gcc -c -Wall -O  conftest.c >&5
configure:11022: $? = 0
configure:11022: result: yes
configure:11022: checking malloc.h presence
configure:11022: sh3-linux-gcc -E  conftest.c
configure:11022: $? = 0
configure:11022: result: yes
configure:11022: checking for malloc.h
configure:11022: result: yes
configure:11022: checking for stdlib.h
configure:11022: result: yes
configure:11022: checking for string.h
configure:11022: result: yes
configure:11022: checking for strings.h
configure:11022: result: yes
configure:11035: checking for an ANSI C-conforming const
configure:11100: sh3-linux-gcc -c -Wall -O  conftest.c >&5
conftest.c: In function 'main':
conftest.c:57: warning: 't' is used uninitialized in this function
conftest.c:73: warning: 'b' is used uninitialized in this function
conftest.c:79: warning: 'cs[0]' is used uninitialized in this function
configure:11100: $? = 0
configure:11107: result: yes
configure:11115: checking for size_t
configure:11115: sh3-linux-gcc -c -Wall -O  conftest.c >&5
configure:11115: $? = 0
configure:11115: sh3-linux-gcc -c -Wall -O  conftest.c >&5
conftest.c: In function 'main':
conftest.c:64: error: expected expression before ')' token
configure:11115: $? = 1
configure: failed program was:
| /* confdefs.h */
| #define PACKAGE_NAME "libpng"
| #define PACKAGE_TARNAME "libpng"
| #define PACKAGE_VERSION "1.2.39"
| #define PACKAGE_STRING "libpng 1.2.39"
| #define PACKAGE_BUGREPORT "png-mng-implement@lists.sourceforge.net"
| #define PACKAGE_URL ""
| #define PACKAGE "libpng"
| #define VERSION "1.2.39"
| #define STDC_HEADERS 1
| #define HAVE_SYS_TYPES_H 1
| #define HAVE_SYS_STAT_H 1
| #define HAVE_STDLIB_H 1
| #define HAVE_STRING_H 1
| #define HAVE_MEMORY_H 1
| #define HAVE_STRINGS_H 1
| #define HAVE_INTTYPES_H 1
| #define HAVE_STDINT_H 1
| #define HAVE_UNISTD_H 1
| #define HAVE_DLFCN_H 1
| #define LT_OBJDIR ".libs/"
| #define STDC_HEADERS 1
| #define HAVE_MALLOC_H 1
| #define HAVE_STDLIB_H 1
| #define HAVE_STRING_H 1
| #define HAVE_STRINGS_H 1
| /* end confdefs.h.  */
| #include <stdio.h>
| #ifdef HAVE_SYS_TYPES_H
| # include <sys/types.h>
| #endif
| #ifdef HAVE_SYS_STAT_H
| # include <sys/stat.h>
| #endif
| #ifdef STDC_HEADERS
| # include <stdlib.h>
| # include <stddef.h>
| #else
| # ifdef HAVE_STDLIB_H
| #  include <stdlib.h>
| # endif
| #endif
| #ifdef HAVE_STRING_H
| # if !defined STDC_HEADERS && defined HAVE_MEMORY_H
| #  include <memory.h>
| # endif
| # include <string.h>
| #endif
| #ifdef HAVE_STRINGS_H
| # include <strings.h>
| #endif
| #ifdef HAVE_INTTYPES_H
| # include <inttypes.h>
| #endif
| #ifdef HAVE_STDINT_H
| # include <stdint.h>
| #endif
| #ifdef HAVE_UNISTD_H
| # include <unistd.h>
| #endif
| int
| main ()
| {
| if (sizeof ((size_t)))
| 	    return 0;
|   ;
|   return 0;
| }
configure:11115: result: yes
configure:11126: checking whether struct tm is in sys/time.h or time.h
configure:11146: sh3-linux-gcc -c -Wall -O  conftest.c >&5
configure:11146: $? = 0
configure:11153: result: time.h
configure:11163: checking for working strtod
configure:11214: result: no
configure:11223: checking for pow
configure:11223: sh3-linux-gcc -o conftest -Wall -O   conftest.c  >&5
conftest.c:51: warning: conflicting types for built-in function 'pow'
/tmp/cc2D1ZF7.o: In function `main':
conftest.c:(.text+0x14): undefined reference to `pow'
collect2: ld returned 1 exit status
configure:11223: $? = 1
configure: failed program was:
| /* confdefs.h */
| #define PACKAGE_NAME "libpng"
| #define PACKAGE_TARNAME "libpng"
| #define PACKAGE_VERSION "1.2.39"
| #define PACKAGE_STRING "libpng 1.2.39"
| #define PACKAGE_BUGREPORT "png-mng-implement@lists.sourceforge.net"
| #define PACKAGE_URL ""
| #define PACKAGE "libpng"
| #define VERSION "1.2.39"
| #define STDC_HEADERS 1
| #define HAVE_SYS_TYPES_H 1
| #define HAVE_SYS_STAT_H 1
| #define HAVE_STDLIB_H 1
| #define HAVE_STRING_H 1
| #define HAVE_MEMORY_H 1
| #define HAVE_STRINGS_H 1
| #define HAVE_INTTYPES_H 1
| #define HAVE_STDINT_H 1
| #define HAVE_UNISTD_H 1
| #define HAVE_DLFCN_H 1
| #define LT_OBJDIR ".libs/"
| #define STDC_HEADERS 1
| #define HAVE_MALLOC_H 1
| #define HAVE_STDLIB_H 1
| #define HAVE_STRING_H 1
| #define HAVE_STRINGS_H 1
| /* end confdefs.h.  */
| /* Define pow to an innocuous variant, in case <limits.h> declares pow.
|    For example, HP-UX 11i <limits.h> declares gettimeofday.  */
| #define pow innocuous_pow
| 
| /* System header to define __stub macros and hopefully few prototypes,
|     which can conflict with char pow (); below.
|     Prefer <limits.h> to <assert.h> if __STDC__ is defined, since
|     <limits.h> exists even on freestanding compilers.  */
| 
| #ifdef __STDC__
| # include <limits.h>
| #else
| # include <assert.h>
| #endif
| 
| #undef pow
| 
| /* Override any GCC internal prototype to avoid an error.
|    Use char because int might match the return type of a GCC
|    builtin and then its argument prototype would still apply.  */
| #ifdef __cplusplus
| extern "C"
| #endif
| char pow ();
| /* The GNU C library defines this for functions which it implements
|     to always fail with ENOSYS.  Some functions are actually named
|     something starting with __ and the normal name is an alias.  */
| #if defined __stub_pow || defined __stub___pow
| choke me
| #endif
| 
| int
| main ()
| {
| return pow ();
|   ;
|   return 0;
| }
configure:11223: result: no
configure:11229: checking for pow in -lm
configure:11254: sh3-linux-gcc -o conftest -Wall -O   conftest.c -lm   >&5
conftest.c:35: warning: conflicting types for built-in function 'pow'
configure:11254: $? = 0
configure:11263: result: yes
configure:11278: checking for memset
configure:11278: sh3-linux-gcc -o conftest -Wall -O   conftest.c  >&5
conftest.c:51: warning: conflicting types for built-in function 'memset'
configure:11278: $? = 0
configure:11278: result: yes
configure:11291: checking for pow
configure:11291: result: no
configure:11298: checking for pow in -lm
configure:11332: result: yes
configure:11348: checking for zlibVersion in -lz
configure:11373: sh3-linux-gcc -o conftest -Wall -O   conftest.c -lz  -lm  >&5
configure:11373: $? = 0
configure:11382: result: yes
configure:11397: checking if assembler code in pnggccrd.c can be compiled without PNG_NO_MMX_CODE
configure:11410: sh3-linux-gcc -c -Wall -O  conftest.c >&5
configure:11410: $? = 0
configure:11411: result: yes
configure:11424: checking if libraries can be versioned
configure:11429: result: yes
configure:11448: checking for symbol prefix
configure:11455: result: 
configure:11477: pkgconfig directory is ${libdir}/pkgconfig
configure:11647: creating ./config.status

## ---------------------- ##
## Running config.status. ##
## ---------------------- ##

This file was extended by libpng config.status 1.2.39, which was
generated by GNU Autoconf 2.64.  Invocation command line was

  CONFIG_FILES    = 
  CONFIG_HEADERS  = 
  CONFIG_LINKS    = 
  CONFIG_COMMANDS = 
  $ ./config.status 

on linux

config.status:1088: creating Makefile
config.status:1088: creating libpng.pc
config.status:1088: creating libpng-config
config.status:1088: creating config.h
config.status:1308: executing depfiles commands
config.status:1308: executing libtool commands

## ---------------- ##
## Cache variables. ##
## ---------------- ##

ac_cv_build=i586-suse-linux-gnu
ac_cv_c_compiler_gnu=yes
ac_cv_c_const=yes
ac_cv_env_CC_set=set
ac_cv_env_CC_value=sh3-linux-gcc
ac_cv_env_CFLAGS_set=set
ac_cv_env_CFLAGS_value='-Wall -O'
ac_cv_env_CPPFLAGS_set=
ac_cv_env_CPPFLAGS_value=
ac_cv_env_CPP_set=
ac_cv_env_CPP_value=
ac_cv_env_LDFLAGS_set=
ac_cv_env_LDFLAGS_value=
ac_cv_env_LIBS_set=
ac_cv_env_LIBS_value=
ac_cv_env_build_alias_set=set
ac_cv_env_build_alias_value=i586-suse-linux
ac_cv_env_host_alias_set=set
ac_cv_env_host_alias_value=sh3-linux
ac_cv_env_target_alias_set=
ac_cv_env_target_alias_value=
ac_cv_func_memset=yes
ac_cv_func_pow=no
ac_cv_func_strtod=no
ac_cv_header_dlfcn_h=yes
ac_cv_header_inttypes_h=yes
ac_cv_header_malloc_h=yes
ac_cv_header_memory_h=yes
ac_cv_header_stdc=yes
ac_cv_header_stdint_h=yes
ac_cv_header_stdlib_h=yes
ac_cv_header_string_h=yes
ac_cv_header_strings_h=yes
ac_cv_header_sys_stat_h=yes
ac_cv_header_sys_types_h=yes
ac_cv_header_unistd_h=yes
ac_cv_host=sh3-unknown-linux-gnu
ac_cv_lib_m_pow=yes
ac_cv_lib_z_zlibVersion=yes
ac_cv_objext=o
ac_cv_path_EGREP='/usr/bin/grep -E'
ac_cv_path_FGREP='/usr/bin/grep -F'
ac_cv_path_GREP=/usr/bin/grep
ac_cv_path_SED=/usr/bin/sed
ac_cv_path_install='/usr/bin/install -c'
ac_cv_path_mkdir=/bin/mkdir
ac_cv_prog_AR=sh3-linux-ar
ac_cv_prog_AWK=gawk
ac_cv_prog_CC=sh3-linux-gcc
ac_cv_prog_CPP='sh3-linux-gcc -E'
ac_cv_prog_OBJDUMP=objdump
ac_cv_prog_RANLIB=sh3-linux-ranlib
ac_cv_prog_SED=/usr/bin/sed
ac_cv_prog_STRIP=sh3-linux-strip
ac_cv_prog_cc_c89=
ac_cv_prog_cc_g=yes
ac_cv_prog_make_make_set=yes
ac_cv_struct_tm=time.h
ac_cv_type_size_t=yes
am_cv_CC_dependencies_compiler_type=gcc3
lt_cv_deplibs_check_method=pass_all
lt_cv_file_magic_cmd='$MAGIC_CMD'
lt_cv_file_magic_test_file=
lt_cv_ld_reload_flag=-r
lt_cv_nm_interface='BSD nm'
lt_cv_objdir=.libs
lt_cv_path_LD=/usr/sh-linux/bin/ld
lt_cv_path_NM='/usr/bin/sh3-linux-nm -B'
lt_cv_prog_compiler_c_o=yes
lt_cv_prog_compiler_pic_works=yes
lt_cv_prog_compiler_rtti_exceptions=no
lt_cv_prog_compiler_static_works=yes
lt_cv_prog_gnu_ld=yes
lt_cv_sys_global_symbol_pipe='sed -n -e '\''s/^.*[	 ]\([ABCDGIRSTW][ABCDGIRSTW]*\)[	 ][	 ]*\([_A-Za-z][_A-Za-z0-9]*\)$/\1 \2 \2/p'\'''
lt_cv_sys_global_symbol_to_c_name_address='sed -n -e '\''s/^: \([^ ]*\) $/  {\"\1\", (void *) 0},/p'\'' -e '\''s/^[ABCDGIRSTW]* \([^ ]*\) \([^ ]*\)$/  {"\2", (void *) \&\2},/p'\'''
lt_cv_sys_global_symbol_to_c_name_address_lib_prefix='sed -n -e '\''s/^: \([^ ]*\) $/  {\"\1\", (void *) 0},/p'\'' -e '\''s/^[ABCDGIRSTW]* \([^ ]*\) \(lib[^ ]*\)$/  {"\2", (void *) \&\2},/p'\'' -e '\''s/^[ABCDGIRSTW]* \([^ ]*\) \([^ ]*\)$/  {"lib\2", (void *) \&\2},/p'\'''
lt_cv_sys_global_symbol_to_cdecl='sed -n -e '\''s/^T .* \(.*\)$/extern int \1();/p'\'' -e '\''s/^[ABCDGIRSTW]* .* \(.*\)$/extern char \1;/p'\'''
lt_cv_sys_max_cmd_len=98304

## ----------------- ##
## Output variables. ##
## ----------------- ##

ACLOCAL='${SHELL} /mnt/olddata/home/jochen/emtrion/sc1000/pkgs/src/libpng-1.2.39/missing --run aclocal-1.11'
AMDEPBACKSLASH='\'
AMDEP_FALSE='#'
AMDEP_TRUE=''
AMTAR='${SHELL} /mnt/olddata/home/jochen/emtrion/sc1000/pkgs/src/libpng-1.2.39/missing --run tar'
AR='sh3-linux-ar'
AS='as'
AUTOCONF='${SHELL} /mnt/olddata/home/jochen/emtrion/sc1000/pkgs/src/libpng-1.2.39/missing --run autoconf'
AUTOHEADER='${SHELL} /mnt/olddata/home/jochen/emtrion/sc1000/pkgs/src/libpng-1.2.39/missing --run autoheader'
AUTOMAKE='${SHELL} /mnt/olddata/home/jochen/emtrion/sc1000/pkgs/src/libpng-1.2.39/missing --run automake-1.11'
AWK='gawk'
CC='sh3-linux-gcc'
CCDEPMODE='depmode=gcc3'
CFLAGS='-Wall -O'
CPP='sh3-linux-gcc -E'
CPPFLAGS=''
CYGPATH_W='echo'
DEFS='-DHAVE_CONFIG_H'
DEPDIR='.deps'
DLLTOOL='dlltool'
DSYMUTIL=''
DUMPBIN=''
ECHO_C=''
ECHO_N='-n'
ECHO_T=''
EGREP='/usr/bin/grep -E'
EXEEXT=''
FGREP='/usr/bin/grep -F'
GREP='/usr/bin/grep'
HAVE_LD_VERSION_SCRIPT_FALSE='#'
HAVE_LD_VERSION_SCRIPT_TRUE=''
INSTALL_DATA='${INSTALL} -m 644'
INSTALL_PROGRAM='${INSTALL}'
INSTALL_SCRIPT='${INSTALL}'
INSTALL_STRIP_PROGRAM='$(install_sh) -c -s'
LD='/usr/sh-linux/bin/ld'
LDFLAGS=''
LIBOBJS=' ${LIBOBJDIR}strtod$U.o'
LIBPNG_DEFINES='-DPNG_CONFIGURE_LIBPNG '
LIBPNG_NO_MMX=''
LIBS='-lz -lm '
LIBTOOL='$(SHELL) $(top_builddir)/libtool'
LIPO=''
LN_S='ln -s'
LTLIBOBJS=' ${LIBOBJDIR}strtod$U.lo'
MAINT='#'
MAINTAINER_MODE_FALSE=''
MAINTAINER_MODE_TRUE='#'
MAKEINFO='${SHELL} /mnt/olddata/home/jochen/emtrion/sc1000/pkgs/src/libpng-1.2.39/missing --run makeinfo'
MKDIR_P='/bin/mkdir -p'
NM='/usr/bin/sh3-linux-nm -B'
NMEDIT=''
OBJDUMP='objdump'
OBJEXT='o'
OTOOL64=''
OTOOL=''
PACKAGE='libpng'
PACKAGE_BUGREPORT='png-mng-implement@lists.sourceforge.net'
PACKAGE_NAME='libpng'
PACKAGE_STRING='libpng 1.2.39'
PACKAGE_TARNAME='libpng'
PACKAGE_URL=''
PACKAGE_VERSION='1.2.39'
PATH_SEPARATOR=':'
PNGLIB_MAJOR='1'
PNGLIB_MINOR='2'
PNGLIB_RELEASE='39'
PNGLIB_VERSION='1.2.39'
POW_LIB='-lm'
RANLIB='sh3-linux-ranlib'
SED='/usr/bin/sed'
SET_MAKE=''
SHELL='/bin/sh'
STRIP='sh3-linux-strip'
SYMBOL_PREFIX=''
VERSION='1.2.39'
ac_ct_CC=''
ac_ct_DUMPBIN=''
am__EXEEXT_FALSE=''
am__EXEEXT_TRUE='#'
am__fastdepCC_FALSE='#'
am__fastdepCC_TRUE=''
am__include='include'
am__isrc=''
am__leading_dot='.'
am__quote=''
am__tar='${AMTAR} chof - "$$tardir"'
am__untar='${AMTAR} xf -'
binconfigs='${binconfigs}'
bindir='${exec_prefix}/bin'
build='i586-suse-linux-gnu'
build_alias='i586-suse-linux'
build_cpu='i586'
build_os='linux-gnu'
build_vendor='suse'
compatlib='libpng.la'
datadir='${datarootdir}'
datarootdir='${prefix}/share'
docdir='${datarootdir}/doc/${PACKAGE_TARNAME}'
dvidir='${docdir}'
exec_prefix='${prefix}'
host='sh3-unknown-linux-gnu'
host_alias='sh3-linux'
host_cpu='sh3'
host_os='linux-gnu'
host_vendor='unknown'
htmldir='${docdir}'
includedir='/usr/sh-linux/include'
infodir='${datarootdir}/info'
install_sh='${SHELL} /mnt/olddata/home/jochen/emtrion/sc1000/pkgs/src/libpng-1.2.39/install-sh'
libdir='${exec_prefix}/lib'
libexecdir='${exec_prefix}/libexec'
localedir='${datarootdir}/locale'
localstatedir='${prefix}/var'
lt_ECHO='echo'
mandir='${datarootdir}/man'
mkdir_p='/bin/mkdir -p'
oldincludedir='/usr/include'
pdfdir='${docdir}'
pkgconfigdir='${libdir}/pkgconfig'
prefix='/usr/sh3-linux'
program_transform_name='s,x,x,'
psdir='${docdir}'
sbindir='${exec_prefix}/sbin'
sharedstatedir='${prefix}/com'
sysconfdir='${prefix}/etc'
target_alias=''

## ----------- ##
## confdefs.h. ##
## ----------- ##

/* confdefs.h */
#define PACKAGE_NAME "libpng"
#define PACKAGE_TARNAME "libpng"
#define PACKAGE_VERSION "1.2.39"
#define PACKAGE_STRING "libpng 1.2.39"
#define PACKAGE_BUGREPORT "png-mng-implement@lists.sourceforge.net"
#define PACKAGE_URL ""
#define PACKAGE "libpng"
#define VERSION "1.2.39"
#define STDC_HEADERS 1
#define HAVE_SYS_TYPES_H 1
#define HAVE_SYS_STAT_H 1
#define HAVE_STDLIB_H 1
#define HAVE_STRING_H 1
#define HAVE_MEMORY_H 1
#define HAVE_STRINGS_H 1
#define HAVE_INTTYPES_H 1
#define HAVE_STDINT_H 1
#define HAVE_UNISTD_H 1
#define HAVE_DLFCN_H 1
#define LT_OBJDIR ".libs/"
#define STDC_HEADERS 1
#define HAVE_MALLOC_H 1
#define HAVE_STDLIB_H 1
#define HAVE_STRING_H 1
#define HAVE_STRINGS_H 1
#define HAVE_MEMSET 1
#define HAVE_LIBM 1
#define HAVE_LIBZ 1

configure: exit 0
